<?xml version="1.0" encoding="UTF-8"?>
<!-- Generated by org.testng.reporters.JUnitReportReporter -->
<testsuite skipped="0" hostname="admin-PC" name="com.press3.CreateIVR.CreateIVR" tests="1" failures="0" timestamp="08 Jul 2019 06:43:28 GMT" time="55.671" errors="0">
  <testcase name="MenuIVR" time="55.671" classname="com.press3.CreateIVR.CreateIVR"/>
</testsuite> <!-- com.press3.CreateIVR.CreateIVR -->
