<?xml version="1.0" encoding="UTF-8"?>
<!-- Generated by org.testng.reporters.JUnitReportReporter -->
<testsuite skipped="0" hostname="admin-PC" name="com.press3.createAgent.CreateAgent" tests="1" failures="0" timestamp="08 Jul 2019 11:13:29 GMT" time="10.906" errors="0">
  <testcase name="Assignagents" time="10.906" classname="com.press3.createAgent.CreateAgent"/>
</testsuite> <!-- com.press3.createAgent.CreateAgent -->
