<?xml version="1.0" encoding="UTF-8"?>
<!-- Generated by org.testng.reporters.JUnitReportReporter -->
<testsuite skipped="0" hostname="admin-PC" name="com.press3.CreateCampaign.CreateCampaign" tests="1" failures="0" timestamp="26 Jun 2019 10:58:20 GMT" time="29.239" errors="0">
  <testcase name="CreateCampaign" time="29.239" classname="com.press3.CreateCampaign.CreateCampaign"/>
</testsuite> <!-- com.press3.CreateCampaign.CreateCampaign -->
